d:\vısual studıo projects\testsmallnew\mycoolgame\obj\x64\release\vc142.pdb
d:\vısual studıo projects\testsmallnew\mycoolgame\obj\x64\release\texturegenerator.obj
d:\vısual studıo projects\testsmallnew\mycoolgame\obj\x64\release\mapgenerator.obj
d:\vısual studıo projects\testsmallnew\mycoolgame\obj\x64\release\maın.obj
d:\vısual studıo projects\testsmallnew\mycoolgame\obj\x64\release\player.obj
d:\vısual studıo projects\testsmallnew\mycoolgame\obj\x64\release\zombıe.obj
d:\vısual studıo projects\testsmallnew\mycoolgame\obj\x64\release\weaponsystem.obj
d:\vısual studıo projects\testsmallnew\mycoolgame\obj\x64\release\partıclesystem.obj
d:\vısual studıo projects\testsmallnew\bın\release\mycoolgame.exe
d:\vısual studıo projects\testsmallnew\bın\release\mycoolgame.pdb
d:\visual studio projects\testsmallnew\mycoolgame\obj\x64\release\main.obj
d:\visual studio projects\testsmallnew\mycoolgame\obj\x64\release\mapgenerator.obj
d:\visual studio projects\testsmallnew\mycoolgame\obj\x64\release\particlesystem.obj
d:\visual studio projects\testsmallnew\mycoolgame\obj\x64\release\player.obj
d:\visual studio projects\testsmallnew\mycoolgame\obj\x64\release\texturegenerator.obj
d:\visual studio projects\testsmallnew\mycoolgame\obj\x64\release\weaponsystem.obj
d:\visual studio projects\testsmallnew\mycoolgame\obj\x64\release\zombie.obj
d:\visual studio projects\testsmallnew\mycoolgame\obj\x64\release\vc142.pdb
d:\visual studio projects\testsmallnew\bin\release\mycoolgame.exe
d:\visual studio projects\testsmallnew\mycoolgame\obj\x64\release\mycoolgame.tlog\cl.command.1.tlog
d:\visual studio projects\testsmallnew\mycoolgame\obj\x64\release\mycoolgame.tlog\cl.read.1.tlog
d:\visual studio projects\testsmallnew\mycoolgame\obj\x64\release\mycoolgame.tlog\cl.write.1.tlog
d:\visual studio projects\testsmallnew\mycoolgame\obj\x64\release\mycoolgame.tlog\link.command.1.tlog
d:\visual studio projects\testsmallnew\mycoolgame\obj\x64\release\mycoolgame.tlog\link.read.1.tlog
d:\visual studio projects\testsmallnew\mycoolgame\obj\x64\release\mycoolgame.tlog\link.write.1.tlog
