d:\vısual studıo projects\testsmallnew\buıld\obj\x64\release\raylıb.pdb
d:\vısual studıo projects\testsmallnew\buıld\obj\x64\release\utıls.obj
d:\vısual studıo projects\testsmallnew\buıld\obj\x64\release\textures.obj
d:\vısual studıo projects\testsmallnew\buıld\obj\x64\release\text.obj
d:\vısual studıo projects\testsmallnew\buıld\obj\x64\release\shapes.obj
d:\vısual studıo projects\testsmallnew\buıld\obj\x64\release\rglfw.obj
d:\vısual studıo projects\testsmallnew\buıld\obj\x64\release\raudıo.obj
d:\vısual studıo projects\testsmallnew\buıld\obj\x64\release\models.obj
d:\vısual studıo projects\testsmallnew\buıld\obj\x64\release\core.obj
d:\vısual studıo projects\testsmallnew\bın\release\raylıb.lıb
d:\visual studio projects\testsmallnew\build\obj\x64\release\core.obj
d:\visual studio projects\testsmallnew\build\obj\x64\release\models.obj
d:\visual studio projects\testsmallnew\build\obj\x64\release\raudio.obj
d:\visual studio projects\testsmallnew\build\obj\x64\release\rglfw.obj
d:\visual studio projects\testsmallnew\build\obj\x64\release\shapes.obj
d:\visual studio projects\testsmallnew\build\obj\x64\release\text.obj
d:\visual studio projects\testsmallnew\build\obj\x64\release\textures.obj
d:\visual studio projects\testsmallnew\build\obj\x64\release\utils.obj
d:\visual studio projects\testsmallnew\build\obj\x64\release\raylib.pdb
d:\visual studio projects\testsmallnew\bin\release\raylib.lib
d:\visual studio projects\testsmallnew\build\obj\x64\release\raylib.tlog\cl.command.1.tlog
d:\visual studio projects\testsmallnew\build\obj\x64\release\raylib.tlog\cl.read.1.tlog
d:\visual studio projects\testsmallnew\build\obj\x64\release\raylib.tlog\cl.write.1.tlog
d:\visual studio projects\testsmallnew\build\obj\x64\release\raylib.tlog\lib-link.read.1.tlog
d:\visual studio projects\testsmallnew\build\obj\x64\release\raylib.tlog\lib-link.write.1.tlog
d:\visual studio projects\testsmallnew\build\obj\x64\release\raylib.tlog\lib.command.1.tlog
