d:\vısual studıo projects\testsmallnew\buıld\obj\x64\debug.dll\vc142.pdb
d:\vısual studıo projects\testsmallnew\buıld\obj\x64\debug.dll\vc142.ıdb
d:\vısual studıo projects\testsmallnew\buıld\obj\x64\debug.dll\utıls.obj
d:\vısual studıo projects\testsmallnew\buıld\obj\x64\debug.dll\textures.obj
d:\vısual studıo projects\testsmallnew\buıld\obj\x64\debug.dll\text.obj
d:\vısual studıo projects\testsmallnew\buıld\obj\x64\debug.dll\shapes.obj
d:\vısual studıo projects\testsmallnew\buıld\obj\x64\debug.dll\rglfw.obj
d:\vısual studıo projects\testsmallnew\buıld\obj\x64\debug.dll\raudıo.obj
d:\vısual studıo projects\testsmallnew\buıld\obj\x64\debug.dll\models.obj
d:\vısual studıo projects\testsmallnew\buıld\obj\x64\debug.dll\core.obj
d:\vısual studıo projects\testsmallnew\bın\debug.dll\raylıb.ılk
d:\vısual studıo projects\testsmallnew\bın\debug.dll\raylıb.dll
d:\vısual studıo projects\testsmallnew\bın\debug.dll\raylıb.pdb
d:\visual studio projects\testsmallnew\bin\debug.dll\raylib.lib
d:\visual studio projects\testsmallnew\bin\debug.dll\raylib.exp
d:\visual studio projects\testsmallnew\build\obj\x64\debug.dll\core.obj
d:\visual studio projects\testsmallnew\build\obj\x64\debug.dll\models.obj
d:\visual studio projects\testsmallnew\build\obj\x64\debug.dll\raudio.obj
d:\visual studio projects\testsmallnew\build\obj\x64\debug.dll\rglfw.obj
d:\visual studio projects\testsmallnew\build\obj\x64\debug.dll\shapes.obj
d:\visual studio projects\testsmallnew\build\obj\x64\debug.dll\text.obj
d:\visual studio projects\testsmallnew\build\obj\x64\debug.dll\textures.obj
d:\visual studio projects\testsmallnew\build\obj\x64\debug.dll\utils.obj
d:\visual studio projects\testsmallnew\build\obj\x64\debug.dll\vc142.idb
d:\visual studio projects\testsmallnew\build\obj\x64\debug.dll\vc142.pdb
d:\visual studio projects\testsmallnew\bin\debug.dll\raylib.dll
d:\visual studio projects\testsmallnew\build\obj\x64\debug.dll\raylib.tlog\cl.command.1.tlog
d:\visual studio projects\testsmallnew\build\obj\x64\debug.dll\raylib.tlog\cl.read.1.tlog
d:\visual studio projects\testsmallnew\build\obj\x64\debug.dll\raylib.tlog\cl.write.1.tlog
d:\visual studio projects\testsmallnew\build\obj\x64\debug.dll\raylib.tlog\link.command.1.tlog
d:\visual studio projects\testsmallnew\build\obj\x64\debug.dll\raylib.tlog\link.read.1.tlog
d:\visual studio projects\testsmallnew\build\obj\x64\debug.dll\raylib.tlog\link.write.1.tlog
d:\visual studio projects\testsmallnew\build\obj\x64\debug.dll\raylib.tlog\raylib.write.1u.tlog
